<?xml version="1.0" encoding="UTF-8"?>
<testng-results ignored="0" total="6" passed="6" failed="0" skipped="0">
  <reporter-output>
  </reporter-output>
  <suite started-at="2022-04-23T08:43:13 IST" name="Default suite" finished-at="2022-04-23T08:44:05 IST" duration-ms="51526">
    <groups>
    </groups>
    <test started-at="2022-04-23T08:43:13 IST" name="Default test" finished-at="2022-04-23T08:44:05 IST" duration-ms="51526">
      <class name="com.sgtesting.dataprovider.LoginLogoutDemo">
        <test-method signature="launchBrowser()[pri:1, instance:com.sgtesting.dataprovider.LoginLogoutDemo@7e7be63f]" started-at="2022-04-23T08:43:13 IST" name="launchBrowser" finished-at="2022-04-23T08:43:30 IST" duration-ms="16551" status="PASS">
          <reporter-output>
          </reporter-output>
        </test-method> <!-- launchBrowser -->
        <test-method signature="navigate()[pri:2, instance:com.sgtesting.dataprovider.LoginLogoutDemo@7e7be63f]" started-at="2022-04-23T08:43:30 IST" name="navigate" finished-at="2022-04-23T08:43:36 IST" duration-ms="5933" status="PASS">
          <reporter-output>
          </reporter-output>
        </test-method> <!-- navigate -->
        <test-method signature="login(java.lang.String,java.lang.String)[pri:3, instance:com.sgtesting.dataprovider.LoginLogoutDemo@7e7be63f]" started-at="2022-04-23T08:43:36 IST" name="login" data-provider="credentails" finished-at="2022-04-23T08:43:45 IST" duration-ms="9580" status="PASS">
          <params>
            <param index="0">
              <value>
                <![CDATA[admin]]>
              </value>
            </param>
            <param index="1">
              <value>
                <![CDATA[manager]]>
              </value>
            </param>
          </params>
          <reporter-output>
          </reporter-output>
        </test-method> <!-- login -->
        <test-method signature="login(java.lang.String,java.lang.String)[pri:3, instance:com.sgtesting.dataprovider.LoginLogoutDemo@7e7be63f]" started-at="2022-04-23T08:43:45 IST" name="login" data-provider="credentails" finished-at="2022-04-23T08:43:54 IST" duration-ms="8905" status="PASS">
          <params>
            <param index="0">
              <value>
                <![CDATA[admin]]>
              </value>
            </param>
            <param index="1">
              <value>
                <![CDATA[manager]]>
              </value>
            </param>
          </params>
          <reporter-output>
          </reporter-output>
        </test-method> <!-- login -->
        <test-method signature="login(java.lang.String,java.lang.String)[pri:3, instance:com.sgtesting.dataprovider.LoginLogoutDemo@7e7be63f]" started-at="2022-04-23T08:43:54 IST" name="login" data-provider="credentails" finished-at="2022-04-23T08:44:03 IST" duration-ms="8913" status="PASS">
          <params>
            <param index="0">
              <value>
                <![CDATA[admin]]>
              </value>
            </param>
            <param index="1">
              <value>
                <![CDATA[manager]]>
              </value>
            </param>
          </params>
          <reporter-output>
          </reporter-output>
        </test-method> <!-- login -->
        <test-method signature="closeApplication()[pri:4, instance:com.sgtesting.dataprovider.LoginLogoutDemo@7e7be63f]" started-at="2022-04-23T08:44:03 IST" name="closeApplication" finished-at="2022-04-23T08:44:05 IST" duration-ms="1585" status="PASS">
          <reporter-output>
          </reporter-output>
        </test-method> <!-- closeApplication -->
      </class> <!-- com.sgtesting.dataprovider.LoginLogoutDemo -->
    </test> <!-- Default test -->
  </suite> <!-- Default suite -->
</testng-results>
