<?xml version="1.0" encoding="UTF-8"?>
<!-- Generated by org.testng.reporters.JUnitXMLReporter -->
<testsuite ignored="0" hostname="DESKTOP-RQSL0MD" failures="0" tests="6" name="Default test" time="51.526" errors="0" timestamp="2022-04-23T08:44:05 IST">
  <testcase classname="com.sgtesting.dataprovider.LoginLogoutDemo" name="launchBrowser" time="16.551"/>
  <testcase classname="com.sgtesting.dataprovider.LoginLogoutDemo" name="navigate" time="5.933"/>
  <testcase classname="com.sgtesting.dataprovider.LoginLogoutDemo" name="login" time="9.58"/>
  <testcase classname="com.sgtesting.dataprovider.LoginLogoutDemo" name="login" time="8.905"/>
  <testcase classname="com.sgtesting.dataprovider.LoginLogoutDemo" name="login" time="8.913"/>
  <testcase classname="com.sgtesting.dataprovider.LoginLogoutDemo" name="closeApplication" time="1.585"/>
</testsuite> <!-- Default test -->
